<?xml version="1.0" encoding="UTF-8"?>
<robot generator="Robot 4.1.2 (Python 3.9.7 on darwin)" generated="20211114 12:37:26.009" rpa="false" schemaversion="2">
<suite id="s1" name="Tests" source="/Users/tatianesaboto/Documents/gravidade-zero/yodapp/tests">
<suite id="s1-s1" name="Register" source="/Users/tatianesaboto/Documents/gravidade-zero/yodapp/tests/register.robot">
<test id="s1-s1-t1" name="Must register a new character">
<kw name="Start Session" library="base" type="SETUP">
<kw name="New Browser" library="Browser">
<arg>chromium</arg>
<arg>headless=False</arg>
<arg>slowMo=00:00:00</arg>
<tag>BrowserControl</tag>
<tag>Setter</tag>
<doc>Create a new playwright Browser with specified options.</doc>
<msg timestamp="20211114 12:37:26.510" level="INFO">{"browser": "chromium", "headless": false, "handleSIGINT": true, "handleSIGTERM": true, "handleSIGHUP": true, "timeout": 30000.0, "devtools": false, "slowMo": 0.0, "tracesDir": "/Users/tatianesaboto/Documents/gravidade-zero/yodapp/logs/browser/traces/c31bb740-4392-4e99-b5fe-9f3b2a720edd"}</msg>
<msg timestamp="20211114 12:37:27.184" level="INFO">Successfully created browser with options: {"browser":"chromium","headless":false,"handleSIGINT":true,"handleSIGTERM":true,"handleSIGHUP":true,"timeout":30000,"devtools":false,"slowMo":0,"tracesDir":"/Users/tatianesaboto/Documents/gravidade-zero/yodapp/logs/browser/traces/c31bb740-4392-4e99-b5fe-9f3b2a720edd"}</msg>
<status status="PASS" starttime="20211114 12:37:26.509" endtime="20211114 12:37:27.184"/>
</kw>
<kw name="New Page" library="Browser">
<arg>${BASE_URL}</arg>
<tag>BrowserControl</tag>
<tag>Setter</tag>
<doc>Open a new Page. A Page is the Playwright equivalent to a tab.
See `Browser, Context and Page` for more information about Page concept.
Returns a stable identifier for the created page.</doc>
<msg timestamp="20211114 12:37:28.322" level="INFO">Successfully initialized new page object and opened url: https://yodapp-testing.vercel.app/</msg>
<msg timestamp="20211114 12:37:28.322" level="INFO">No context was open. New context was automatically opened when this page is created.</msg>
<status status="PASS" starttime="20211114 12:37:27.184" endtime="20211114 12:37:28.322"/>
</kw>
<status status="PASS" starttime="20211114 12:37:26.509" endtime="20211114 12:37:28.323"/>
</kw>
<kw name="Factory Yoda" library="users">
<var>${user}</var>
<msg timestamp="20211114 12:37:28.323" level="INFO">${user} = {'name': 'Mestre Yoda', 'email': 'yoda@jedi.com', 'ordem': 'Jedi', 'tpjedi': 'Cavaleiro Jedi', 'bdate': 'novembro-1984-06', 'instagram': '@yoda'}</msg>
<status status="PASS" starttime="20211114 12:37:28.323" endtime="20211114 12:37:28.323"/>
</kw>
<kw name="Go To User Form" library="actions">
<kw name="Click" library="Browser">
<arg>text=Novo</arg>
<tag>PageContent</tag>
<tag>Setter</tag>
<doc>Simulates mouse click on the element found by ``selector``.</doc>
<status status="PASS" starttime="20211114 12:37:28.323" endtime="20211114 12:37:28.404"/>
</kw>
<kw name="Wait For Elements State" library="Browser">
<arg>css=.card-header-title &gt;&gt; text=Cadastrar novo usuário</arg>
<arg>visible</arg>
<arg>5</arg>
<tag>PageContent</tag>
<tag>Wait</tag>
<doc>Waits for the element found by ``selector`` to satisfy state option.</doc>
<msg timestamp="20211114 12:37:28.539" level="INFO">Waited for Element with selector css=.card-header-title &gt;&gt; text=Cadastrar novo usuário at state visible</msg>
<status status="PASS" starttime="20211114 12:37:28.404" endtime="20211114 12:37:28.539"/>
</kw>
<status status="PASS" starttime="20211114 12:37:28.323" endtime="20211114 12:37:28.539"/>
</kw>
<kw name="Fill User Form" library="actions">
<arg>${user}</arg>
<kw name="Fill Text" library="Browser">
<arg>css=input[name='nome']</arg>
<arg>${user}[name]</arg>
<tag>PageContent</tag>
<tag>Setter</tag>
<doc>Clears and fills the given ``txt`` into the text field found by ``selector``.</doc>
<msg timestamp="20211114 12:37:28.540" level="INFO">Fills the text 'Mestre Yoda' in the given field.</msg>
<status status="PASS" starttime="20211114 12:37:28.540" endtime="20211114 12:37:28.552"/>
</kw>
<kw name="Fill Text" library="Browser">
<arg>css=input[name='email']</arg>
<arg>${user}[email]</arg>
<tag>PageContent</tag>
<tag>Setter</tag>
<doc>Clears and fills the given ``txt`` into the text field found by ``selector``.</doc>
<msg timestamp="20211114 12:37:28.552" level="INFO">Fills the text 'yoda@jedi.com' in the given field.</msg>
<status status="PASS" starttime="20211114 12:37:28.552" endtime="20211114 12:37:28.566"/>
</kw>
<kw name="Select Options By" library="Browser">
<arg>css=.ordem select</arg>
<arg>text</arg>
<arg>${user}[ordem]</arg>
<tag>PageContent</tag>
<tag>Setter</tag>
<doc>Selects options from select element found by ``selector``.</doc>
<status status="PASS" starttime="20211114 12:37:28.566" endtime="20211114 12:37:28.580"/>
</kw>
<kw name="Select birthday" library="actions">
<arg>${user}[bdate]</arg>
<kw name="Split String" library="String">
<var>@{date}</var>
<arg>${text_date}</arg>
<arg>-</arg>
<doc>Splits the ``string`` using ``separator`` as a delimiter string.</doc>
<msg timestamp="20211114 12:37:28.580" level="INFO">@{date} = [ novembro | 1984 | 06 ]</msg>
<status status="PASS" starttime="20211114 12:37:28.580" endtime="20211114 12:37:28.580"/>
</kw>
<kw name="Click" library="Browser">
<arg>css=input[name='Data de nascimento']</arg>
<tag>PageContent</tag>
<tag>Setter</tag>
<doc>Simulates mouse click on the element found by ``selector``.</doc>
<status status="PASS" starttime="20211114 12:37:28.581" endtime="20211114 12:37:28.616"/>
</kw>
<kw name="Select Options By" library="Browser">
<arg>xpath=(//header[@class='datepicker-header']//select)[1]</arg>
<arg>text</arg>
<arg>${date}[0]</arg>
<tag>PageContent</tag>
<tag>Setter</tag>
<doc>Selects options from select element found by ``selector``.</doc>
<status status="PASS" starttime="20211114 12:37:28.616" endtime="20211114 12:37:28.623"/>
</kw>
<kw name="Select Options By" library="Browser">
<arg>xpath=(//header[@class='datepicker-header']//select)[2]</arg>
<arg>value</arg>
<arg>${date}[1]</arg>
<tag>PageContent</tag>
<tag>Setter</tag>
<doc>Selects options from select element found by ``selector``.</doc>
<status status="PASS" starttime="20211114 12:37:28.623" endtime="20211114 12:37:28.639"/>
</kw>
<kw name="Click" library="Browser">
<arg>xpath=//a[contains(@class, "datepicker-cell")]//span[text()=${date}[2]]</arg>
<tag>PageContent</tag>
<tag>Setter</tag>
<doc>Simulates mouse click on the element found by ``selector``.</doc>
<status status="PASS" starttime="20211114 12:37:28.639" endtime="20211114 12:37:28.684"/>
</kw>
<status status="PASS" starttime="20211114 12:37:28.580" endtime="20211114 12:37:28.685"/>
</kw>
<kw name="Fill Text" library="Browser">
<arg>id=insta</arg>
<arg>${user}[instagram]</arg>
<tag>PageContent</tag>
<tag>Setter</tag>
<doc>Clears and fills the given ``txt`` into the text field found by ``selector``.</doc>
<msg timestamp="20211114 12:37:28.685" level="INFO">Fills the text '@yoda' in the given field.</msg>
<status status="PASS" starttime="20211114 12:37:28.685" endtime="20211114 12:37:28.698"/>
</kw>
<status status="PASS" starttime="20211114 12:37:28.540" endtime="20211114 12:37:28.698"/>
</kw>
<kw name="Select Jedi" library="actions">
<arg>${user}[tpjedi]</arg>
<kw name="Click" library="Browser">
<arg>xpath=//input[@value='${tpjedi}']/../span[@class='check']</arg>
<tag>PageContent</tag>
<tag>Setter</tag>
<doc>Simulates mouse click on the element found by ``selector``.</doc>
<status status="PASS" starttime="20211114 12:37:28.699" endtime="20211114 12:37:28.732"/>
</kw>
<status status="PASS" starttime="20211114 12:37:28.698" endtime="20211114 12:37:28.732"/>
</kw>
<kw name="Check Accept Comunications" library="actions">
<kw name="Click" library="Browser">
<arg>xpath=//input[@name='comunications']/../span[@class='check']</arg>
<tag>PageContent</tag>
<tag>Setter</tag>
<doc>Simulates mouse click on the element found by ``selector``.</doc>
<status status="PASS" starttime="20211114 12:37:28.732" endtime="20211114 12:37:28.851"/>
</kw>
<status status="PASS" starttime="20211114 12:37:28.732" endtime="20211114 12:37:28.851"/>
</kw>
<kw name="Submit User Form" library="actions">
<kw name="Click" library="Browser">
<arg>css=button &gt;&gt; text=Cadastrar</arg>
<tag>PageContent</tag>
<tag>Setter</tag>
<doc>Simulates mouse click on the element found by ``selector``.</doc>
<status status="PASS" starttime="20211114 12:37:28.852" endtime="20211114 12:37:28.912"/>
</kw>
<status status="PASS" starttime="20211114 12:37:28.852" endtime="20211114 12:37:28.912"/>
</kw>
<kw name="Toaster Message Should base" library="actions">
<arg>Usuário cadastrado com sucesso!</arg>
<kw name="Set Variable" library="BuiltIn">
<var>${elements}</var>
<arg>css=.toast div</arg>
<doc>Returns the given values which can then be assigned to a variables.</doc>
<msg timestamp="20211114 12:37:28.912" level="INFO">${elements} = css=.toast div</msg>
<status status="PASS" starttime="20211114 12:37:28.912" endtime="20211114 12:37:28.912"/>
</kw>
<kw name="Wait For Elements State" library="Browser">
<arg>${elements}</arg>
<arg>visible</arg>
<arg>5</arg>
<tag>PageContent</tag>
<tag>Wait</tag>
<doc>Waits for the element found by ``selector`` to satisfy state option.</doc>
<msg timestamp="20211114 12:37:28.917" level="INFO">Waited for Element with selector css=.toast div at state visible</msg>
<status status="PASS" starttime="20211114 12:37:28.912" endtime="20211114 12:37:28.917"/>
</kw>
<kw name="Get Text" library="Browser">
<arg>${elements}</arg>
<arg>equal</arg>
<arg>${expected_message}</arg>
<tag>Assertion</tag>
<tag>Getter</tag>
<tag>PageContent</tag>
<doc>Returns text attribute of the element found by ``selector``.</doc>
<status status="PASS" starttime="20211114 12:37:28.917" endtime="20211114 12:37:28.927"/>
</kw>
<status status="PASS" starttime="20211114 12:37:28.912" endtime="20211114 12:37:28.927"/>
</kw>
<kw name="Go To User Form" library="actions">
<kw name="Click" library="Browser">
<arg>text=Novo</arg>
<tag>PageContent</tag>
<tag>Setter</tag>
<doc>Simulates mouse click on the element found by ``selector``.</doc>
<status status="PASS" starttime="20211114 12:37:28.927" endtime="20211114 12:37:28.961"/>
</kw>
<kw name="Wait For Elements State" library="Browser">
<arg>css=.card-header-title &gt;&gt; text=Cadastrar novo usuário</arg>
<arg>visible</arg>
<arg>5</arg>
<tag>PageContent</tag>
<tag>Wait</tag>
<doc>Waits for the element found by ``selector`` to satisfy state option.</doc>
<msg timestamp="20211114 12:37:28.964" level="INFO">Waited for Element with selector css=.card-header-title &gt;&gt; text=Cadastrar novo usuário at state visible</msg>
<status status="PASS" starttime="20211114 12:37:28.961" endtime="20211114 12:37:28.964"/>
</kw>
<status status="PASS" starttime="20211114 12:37:28.927" endtime="20211114 12:37:28.964"/>
</kw>
<kw name="Go to Home Page" library="actions">
<kw name="Go To" library="Browser">
<arg>${BASE_URL}</arg>
<tag>BrowserControl</tag>
<tag>Setter</tag>
<doc>Navigates to the given ``url``.</doc>
<msg timestamp="20211114 12:37:29.051" level="INFO">Successfully opened URL https://yodapp-testing.vercel.app/</msg>
<status status="PASS" starttime="20211114 12:37:28.964" endtime="20211114 12:37:29.051"/>
</kw>
<kw name="Wait For Elements State" library="Browser">
<arg>css=.carousel</arg>
<arg>visible</arg>
<arg>5</arg>
<tag>PageContent</tag>
<tag>Wait</tag>
<doc>Waits for the element found by ``selector`` to satisfy state option.</doc>
<msg timestamp="20211114 12:37:29.056" level="INFO">Waited for Element with selector css=.carousel at state visible</msg>
<status status="PASS" starttime="20211114 12:37:29.051" endtime="20211114 12:37:29.056"/>
</kw>
<status status="PASS" starttime="20211114 12:37:28.964" endtime="20211114 12:37:29.056"/>
</kw>
<kw name="User Should Be visible" library="actions">
<arg>${user}</arg>
<kw name="Set Variable" library="BuiltIn">
<var>${element}</var>
<arg>xpath=//td[contains(text(),'${user}[email]')]/..</arg>
<doc>Returns the given values which can then be assigned to a variables.</doc>
<msg timestamp="20211114 12:37:29.057" level="INFO">${element} = xpath=//td[contains(text(),'yoda@jedi.com')]/..</msg>
<status status="PASS" starttime="20211114 12:37:29.056" endtime="20211114 12:37:29.057"/>
</kw>
<kw name="Wait For Elements State" library="Browser">
<arg>${element}</arg>
<arg>visible</arg>
<arg>5</arg>
<tag>PageContent</tag>
<tag>Wait</tag>
<doc>Waits for the element found by ``selector`` to satisfy state option.</doc>
<msg timestamp="20211114 12:37:29.068" level="INFO">Waited for Element with selector xpath=//td[contains(text(),'yoda@jedi.com')]/.. at state visible</msg>
<status status="PASS" starttime="20211114 12:37:29.057" endtime="20211114 12:37:29.068"/>
</kw>
<kw name="Get Text" library="Browser">
<arg>${element}</arg>
<arg>contains</arg>
<arg>${user}[name]</arg>
<tag>Assertion</tag>
<tag>Getter</tag>
<tag>PageContent</tag>
<doc>Returns text attribute of the element found by ``selector``.</doc>
<status status="PASS" starttime="20211114 12:37:29.068" endtime="20211114 12:37:29.074"/>
</kw>
<kw name="Get Text" library="Browser">
<arg>${element}</arg>
<arg>contains</arg>
<arg>${user}[instagram]</arg>
<tag>Assertion</tag>
<tag>Getter</tag>
<tag>PageContent</tag>
<doc>Returns text attribute of the element found by ``selector``.</doc>
<status status="PASS" starttime="20211114 12:37:29.074" endtime="20211114 12:37:29.079"/>
</kw>
<status status="PASS" starttime="20211114 12:37:29.056" endtime="20211114 12:37:29.079"/>
</kw>
<kw name="End Session" library="base" type="TEARDOWN">
<kw name="Take Screenshot" library="Browser">
<tag>PageContent</tag>
<doc>Takes a screenshot of the current window or element and saves it to disk.</doc>
<msg timestamp="20211114 12:37:29.175" level="INFO" html="true">&lt;/td&gt;&lt;/tr&gt;&lt;tr&gt;&lt;td colspan="3"&gt;&lt;a href="browser/screenshot/robotframework-browser-screenshot-1.png"&gt;&lt;img src="browser/screenshot/robotframework-browser-screenshot-1.png" width="800px"&gt;&lt;/a&gt;</msg>
<status status="PASS" starttime="20211114 12:37:29.079" endtime="20211114 12:37:29.175"/>
</kw>
<status status="PASS" starttime="20211114 12:37:29.079" endtime="20211114 12:37:29.175"/>
</kw>
<tag>happy</tag>
<status status="PASS" starttime="20211114 12:37:26.507" endtime="20211114 12:37:29.175"/>
</test>
<doc>Test suite for character registration</doc>
<status status="PASS" starttime="20211114 12:37:26.018" endtime="20211114 12:37:29.221"/>
</suite>
<status status="PASS" starttime="20211114 12:37:26.009" endtime="20211114 12:37:29.223"/>
</suite>
<statistics>
<total>
<stat pass="1" fail="0" skip="0">All Tests</stat>
</total>
<tag>
<stat pass="1" fail="0" skip="0">happy</stat>
</tag>
<suite>
<stat pass="1" fail="0" skip="0" id="s1" name="Tests">Tests</stat>
<stat pass="1" fail="0" skip="0" id="s1-s1" name="Register">Tests.Register</stat>
</suite>
</statistics>
<errors>
</errors>
</robot>
