<?xml version="1.0" encoding="UTF-8"?>
<robot generator="Robot 4.1.2 (Python 3.9.7 on darwin)" generated="20211031 21:08:06.395" rpa="false" schemaversion="2">
<suite id="s1" name="Login" source="/Users/tatianesaboto/Documents/RobotXpert/bodytest/tests/login.robot">
<test id="s1-t1" name="Email e senha não informado">
<kw name="New Browser" library="Browser">
<arg>chromium</arg>
<arg>False</arg>
<tag>BrowserControl</tag>
<tag>Setter</tag>
<doc>Create a new playwright Browser with specified options.</doc>
<msg timestamp="20211031 21:08:06.703" level="INFO">{"browser": "chromium", "headless": false, "handleSIGINT": true, "handleSIGTERM": true, "handleSIGHUP": true, "timeout": 30000.0, "devtools": false, "slowMo": 0.0, "tracesDir": "/Users/tatianesaboto/Documents/RobotXpert/bodytest/logs/browser/traces/9b5a37a1-2c08-4c58-a2d6-b4521fcdc07a"}</msg>
<msg timestamp="20211031 21:08:06.891" level="INFO">Successfully created browser with options: {"browser":"chromium","headless":false,"handleSIGINT":true,"handleSIGTERM":true,"handleSIGHUP":true,"timeout":30000,"devtools":false,"slowMo":0,"tracesDir":"/Users/tatianesaboto/Documents/RobotXpert/bodytest/logs/browser/traces/9b5a37a1-2c08-4c58-a2d6-b4521fcdc07a"}</msg>
<status status="PASS" starttime="20211031 21:08:06.703" endtime="20211031 21:08:06.892"/>
</kw>
<kw name="New Page" library="Browser">
<arg>https://bodytest-web-tsaboto.herokuapp.com/</arg>
<tag>BrowserControl</tag>
<tag>Setter</tag>
<doc>Open a new Page. A Page is the Playwright equivalent to a tab.
See `Browser, Context and Page` for more information about Page concept.
Returns a stable identifier for the created page.</doc>
<msg timestamp="20211031 21:08:07.894" level="INFO">Successfully initialized new page object and opened url: https://bodytest-web-tsaboto.herokuapp.com/</msg>
<msg timestamp="20211031 21:08:07.895" level="INFO">No context was open. New context was automatically opened when this page is created.</msg>
<status status="PASS" starttime="20211031 21:08:06.892" endtime="20211031 21:08:07.895"/>
</kw>
<kw name="Fill Text" library="Browser">
<arg>css=input[name=email]</arg>
<arg>${EMPTY}</arg>
<tag>PageContent</tag>
<tag>Setter</tag>
<doc>Clears and fills the given ``txt`` into the text field found by ``selector``.</doc>
<msg timestamp="20211031 21:08:07.895" level="INFO">Fills the text '' in the given field.</msg>
<status status="PASS" starttime="20211031 21:08:07.895" endtime="20211031 21:08:07.918"/>
</kw>
<kw name="Fill Text" library="Browser">
<arg>css=input[name=password]</arg>
<arg>${EMPTY}</arg>
<tag>PageContent</tag>
<tag>Setter</tag>
<doc>Clears and fills the given ``txt`` into the text field found by ``selector``.</doc>
<msg timestamp="20211031 21:08:07.918" level="INFO">Fills the text '' in the given field.</msg>
<status status="PASS" starttime="20211031 21:08:07.918" endtime="20211031 21:08:07.926"/>
</kw>
<kw name="Click" library="Browser">
<arg>text=Entrar</arg>
<tag>PageContent</tag>
<tag>Setter</tag>
<doc>Simulates mouse click on the element found by ``selector``.</doc>
<status status="PASS" starttime="20211031 21:08:07.927" endtime="20211031 21:08:07.966"/>
</kw>
<kw name="Wait For Elements State" library="Browser">
<arg>css=form span &gt;&gt; text=O e-mail é obrigatório</arg>
<arg>visible</arg>
<arg>5</arg>
<tag>PageContent</tag>
<tag>Wait</tag>
<doc>Waits for the element found by ``selector`` to satisfy state option.</doc>
<msg timestamp="20211031 21:08:07.970" level="INFO">Waited for Element with selector css=form span &gt;&gt; text=O e-mail é obrigatório at state visible</msg>
<status status="PASS" starttime="20211031 21:08:07.966" endtime="20211031 21:08:07.970"/>
</kw>
<kw name="Wait For Elements State" library="Browser">
<arg>css=form span &gt;&gt; text=A senha é obrigatória</arg>
<arg>visible</arg>
<arg>5</arg>
<tag>PageContent</tag>
<tag>Wait</tag>
<doc>Waits for the element found by ``selector`` to satisfy state option.</doc>
<msg timestamp="20211031 21:08:07.976" level="INFO">Waited for Element with selector css=form span &gt;&gt; text=A senha é obrigatória at state visible</msg>
<status status="PASS" starttime="20211031 21:08:07.970" endtime="20211031 21:08:07.976"/>
</kw>
<kw name="Take Screenshot" library="Browser">
<tag>PageContent</tag>
<doc>Takes a screenshot of the current window or element and saves it to disk.</doc>
<msg timestamp="20211031 21:08:08.061" level="INFO" html="true">&lt;/td&gt;&lt;/tr&gt;&lt;tr&gt;&lt;td colspan="3"&gt;&lt;a href="browser/screenshot/robotframework-browser-screenshot-1.png"&gt;&lt;img src="browser/screenshot/robotframework-browser-screenshot-1.png" width="800px"&gt;&lt;/a&gt;</msg>
<status status="PASS" starttime="20211031 21:08:07.976" endtime="20211031 21:08:08.061"/>
</kw>
<tag>temp</tag>
<status status="PASS" starttime="20211031 21:08:06.701" endtime="20211031 21:08:08.061"/>
</test>
<doc>Suite de teste de Login do Administrador</doc>
<status status="PASS" starttime="20211031 21:08:06.396" endtime="20211031 21:08:08.124"/>
</suite>
<statistics>
<total>
<stat pass="1" fail="0" skip="0">All Tests</stat>
</total>
<tag>
<stat pass="1" fail="0" skip="0">temp</stat>
</tag>
<suite>
<stat pass="1" fail="0" skip="0" id="s1" name="Login">Login</stat>
</suite>
</statistics>
<errors>
</errors>
</robot>
